<?xml version="1.0"?>
<!--Phoronix Test Suite v5.2.1 (Khanino)-->
<?xml-stylesheet type="text/xsl" href="pts-results-viewer.xsl"?>
<PhoronixTestSuite>
  <Generated>
    <Title>79 Network 20201122 001</Title>
    <LastModified>2020-11-22 08:56:20</LastModified>
    <TestClient>Phoronix Test Suite v5.2.1 (Khanino)</TestClient>
    <Description>ARMv7 rev 3 testing on Raspbian 10 via the Phoronix Test Suite.</Description>
    <PreSetEnvironmentVariables></PreSetEnvironmentVariables>
  </Generated>
  <System>
    <Identifier>79 Network 202011 001</Identifier>
    <Hardware>Processor: ARMv7 rev 3 @ 1.50GHz (4 Cores), Motherboard: BCM2711, Memory: 4096MB, Disk: 64GB SN64G</Hardware>
    <Software>OS: Raspbian 10, Kernel: 5.4.72-v7l+ (armv7l), Desktop: LXDE 0.10.0, Display Server: X Server plymouth.ignore-serial-consoles, File-System: ext4, Screen Resolution: 1280x1024</Software>
    <User>s3294034</User>
    <TimeStamp>2020-11-22 08:56:20</TimeStamp>
    <TestClientVersion>5.2.1</TestClientVersion>
    <Notes></Notes>
    <JSON>{"compiler-configuration":"--build=arm-linux-gnueabihf --disable-libitm --disable-libquadmath --disable-libquadmath-support --disable-sjlj-exceptions --disable-werror --enable-bootstrap --enable-checking=release --enable-clocale=gnu --enable-gnu-unique-object --enable-languages=c,ada,c++,go,d,fortran,objc,obj-c++ --enable-libstdcxx-debug --enable-libstdcxx-time=yes --enable-multiarch --enable-nls --enable-objc-gc=auto --enable-plugin --enable-shared --enable-threads=posix --host=arm-linux-gnueabihf --program-prefix=arm-linux-gnueabihf- --target=arm-linux-gnueabihf --with-arch=armv6 --with-default-libstdcxx-abi=new --with-float=hard --with-fpu=vfp --with-gcc-major-version-only --with-target-system-zlib -v","cpu-scaling-governor":"cpufreq-dt ondemand","kernel-parameters":"snd_bcm2835.enable_compat_alsa=0 snd_bcm2835.enable_hdmi=1 snd_bcm2835.enable_headphones=1"}</JSON>
  </System>
  <Result>
    <Identifier>pts/ramspeed-1.4.3</Identifier>
    <Title>RAMspeed SMP</Title>
    <AppVersion>3.5.0</AppVersion>
    <Arguments>ADD -b 3</Arguments>
    <Description>Type: Add - Benchmark: Integer</Description>
    <Scale>MB/s</Scale>
    <Proportion>HIB</Proportion>
    <DisplayFormat>BAR_GRAPH</DisplayFormat>
    <Data>
      <Entry>
        <Identifier>79 Network 202011 001</Identifier>
        <Value>3080.63</Value>
        <RawString>3353.59:2935.5:3012.44:2956.12:2873.17:3352.97</RawString>
        <JSON>{"compiler-options":{"compiler-type":"CC","compiler":"gcc","compiler-options":"-O3 -march=native"}}</JSON>
      </Entry>
    </Data>
  </Result>
  <Result>
    <Identifier>pts/ramspeed-1.4.3</Identifier>
    <Title>RAMspeed SMP</Title>
    <AppVersion>3.5.0</AppVersion>
    <Arguments>COPY -b 3</Arguments>
    <Description>Type: Copy - Benchmark: Integer</Description>
    <Scale>MB/s</Scale>
    <Proportion>HIB</Proportion>
    <DisplayFormat>BAR_GRAPH</DisplayFormat>
    <Data>
      <Entry>
        <Identifier>79 Network 202011 001</Identifier>
        <Value>3343.21</Value>
        <RawString>3842.01:3521.39:3146.51:3199.22:3178.76:3171.37</RawString>
        <JSON>{"compiler-options":{"compiler-type":"CC","compiler":"gcc","compiler-options":"-O3 -march=native"}}</JSON>
      </Entry>
    </Data>
  </Result>
  <Result>
    <Identifier>pts/ramspeed-1.4.3</Identifier>
    <Title>RAMspeed SMP</Title>
    <AppVersion>3.5.0</AppVersion>
    <Arguments>SCALE -b 3</Arguments>
    <Description>Type: Scale - Benchmark: Integer</Description>
    <Scale>MB/s</Scale>
    <Proportion>HIB</Proportion>
    <DisplayFormat>BAR_GRAPH</DisplayFormat>
    <Data>
      <Entry>
        <Identifier>79 Network 202011 001</Identifier>
        <Value>3191.36</Value>
        <RawString>3240.12:3155.61:3178.34</RawString>
        <JSON>{"compiler-options":{"compiler-type":"CC","compiler":"gcc","compiler-options":"-O3 -march=native"}}</JSON>
      </Entry>
    </Data>
  </Result>
  <Result>
    <Identifier>pts/ramspeed-1.4.3</Identifier>
    <Title>RAMspeed SMP</Title>
    <AppVersion>3.5.0</AppVersion>
    <Arguments>TRIAD -b 3</Arguments>
    <Description>Type: Triad - Benchmark: Integer</Description>
    <Scale>MB/s</Scale>
    <Proportion>HIB</Proportion>
    <DisplayFormat>BAR_GRAPH</DisplayFormat>
    <Data>
      <Entry>
        <Identifier>79 Network 202011 001</Identifier>
        <Value>3277.35</Value>
        <RawString>2747.91:3415.47:3585.77:3415.11:3198.04:3301.77</RawString>
        <JSON>{"compiler-options":{"compiler-type":"CC","compiler":"gcc","compiler-options":"-O3 -march=native"}}</JSON>
      </Entry>
    </Data>
  </Result>
  <Result>
    <Identifier>pts/ramspeed-1.4.3</Identifier>
    <Title>RAMspeed SMP</Title>
    <AppVersion>3.5.0</AppVersion>
    <Arguments>AVERAGE -b 3</Arguments>
    <Description>Type: Average - Benchmark: Integer</Description>
    <Scale>MB/s</Scale>
    <Proportion>HIB</Proportion>
    <DisplayFormat>BAR_GRAPH</DisplayFormat>
    <Data>
      <Entry>
        <Identifier>79 Network 202011 001</Identifier>
        <Value>3313.26</Value>
        <RawString>3333.65:3366.31:3239.81</RawString>
        <JSON>{"compiler-options":{"compiler-type":"CC","compiler":"gcc","compiler-options":"-O3 -march=native"}}</JSON>
      </Entry>
    </Data>
  </Result>
  <Result>
    <Identifier>pts/ramspeed-1.4.3</Identifier>
    <Title>RAMspeed SMP</Title>
    <AppVersion>3.5.0</AppVersion>
    <Arguments>ADD -b 6</Arguments>
    <Description>Type: Add - Benchmark: Floating Point</Description>
    <Scale>MB/s</Scale>
    <Proportion>HIB</Proportion>
    <DisplayFormat>BAR_GRAPH</DisplayFormat>
    <Data>
      <Entry>
        <Identifier>79 Network 202011 001</Identifier>
        <Value>3212.91</Value>
        <RawString>3052.58:3719.41:3155:3133.72:3071.67:3145.06</RawString>
        <JSON>{"compiler-options":{"compiler-type":"CC","compiler":"gcc","compiler-options":"-O3 -march=native"}}</JSON>
      </Entry>
    </Data>
  </Result>
  <Result>
    <Identifier>pts/ramspeed-1.4.3</Identifier>
    <Title>RAMspeed SMP</Title>
    <AppVersion>3.5.0</AppVersion>
    <Arguments>COPY -b 6</Arguments>
    <Description>Type: Copy - Benchmark: Floating Point</Description>
    <Scale>MB/s</Scale>
    <Proportion>HIB</Proportion>
    <DisplayFormat>BAR_GRAPH</DisplayFormat>
    <Data>
      <Entry>
        <Identifier>79 Network 202011 001</Identifier>
        <Value>3000.44</Value>
        <RawString>2973.98:3012.62:3014.73</RawString>
        <JSON>{"compiler-options":{"compiler-type":"CC","compiler":"gcc","compiler-options":"-O3 -march=native"}}</JSON>
      </Entry>
    </Data>
  </Result>
  <Result>
    <Identifier>pts/ramspeed-1.4.3</Identifier>
    <Title>RAMspeed SMP</Title>
    <AppVersion>3.5.0</AppVersion>
    <Arguments>SCALE -b 6</Arguments>
    <Description>Type: Scale - Benchmark: Floating Point</Description>
    <Scale>MB/s</Scale>
    <Proportion>HIB</Proportion>
    <DisplayFormat>BAR_GRAPH</DisplayFormat>
    <Data>
      <Entry>
        <Identifier>79 Network 202011 001</Identifier>
        <Value>3654.36</Value>
        <RawString>3687.8:3612.64:3662.65</RawString>
        <JSON>{"compiler-options":{"compiler-type":"CC","compiler":"gcc","compiler-options":"-O3 -march=native"}}</JSON>
      </Entry>
    </Data>
  </Result>
  <Result>
    <Identifier>pts/ramspeed-1.4.3</Identifier>
    <Title>RAMspeed SMP</Title>
    <AppVersion>3.5.0</AppVersion>
    <Arguments>TRIAD -b 6</Arguments>
    <Description>Type: Triad - Benchmark: Floating Point</Description>
    <Scale>MB/s</Scale>
    <Proportion>HIB</Proportion>
    <DisplayFormat>BAR_GRAPH</DisplayFormat>
    <Data>
      <Entry>
        <Identifier>79 Network 202011 001</Identifier>
        <Value>3104.00</Value>
        <RawString>3100.9:3066.22:3144.89</RawString>
        <JSON>{"compiler-options":{"compiler-type":"CC","compiler":"gcc","compiler-options":"-O3 -march=native"}}</JSON>
      </Entry>
    </Data>
  </Result>
  <Result>
    <Identifier>pts/ramspeed-1.4.3</Identifier>
    <Title>RAMspeed SMP</Title>
    <AppVersion>3.5.0</AppVersion>
    <Arguments>AVERAGE -b 6</Arguments>
    <Description>Type: Average - Benchmark: Floating Point</Description>
    <Scale>MB/s</Scale>
    <Proportion>HIB</Proportion>
    <DisplayFormat>BAR_GRAPH</DisplayFormat>
    <Data>
      <Entry>
        <Identifier>79 Network 202011 001</Identifier>
        <Value>3295.76</Value>
        <RawString>3240.06:3378.75:3268.47</RawString>
        <JSON>{"compiler-options":{"compiler-type":"CC","compiler":"gcc","compiler-options":"-O3 -march=native"}}</JSON>
      </Entry>
    </Data>
  </Result>
  <Result>
    <Identifier>pts/stream-1.3.1</Identifier>
    <Title>Stream</Title>
    <AppVersion>2013-01-17</AppVersion>
    <Arguments>Copy</Arguments>
    <Description>Type: Copy</Description>
    <Scale>MB/s</Scale>
    <Proportion>HIB</Proportion>
    <DisplayFormat>BAR_GRAPH</DisplayFormat>
    <Data>
      <Entry>
        <Identifier>79 Network 202011 001</Identifier>
        <Value>3749.82</Value>
        <RawString>3730.9:3863.4:3680.2:3835.6:3639</RawString>
        <JSON>{"compiler-options":{"compiler-type":"CC","compiler":"gcc","compiler-options":"-O3 -march=native -fopenmp"}}</JSON>
      </Entry>
    </Data>
  </Result>
  <Result>
    <Identifier>pts/stream-1.3.1</Identifier>
    <Title>Stream</Title>
    <AppVersion>2013-01-17</AppVersion>
    <Arguments>Scale</Arguments>
    <Description>Type: Scale</Description>
    <Scale>MB/s</Scale>
    <Proportion>HIB</Proportion>
    <DisplayFormat>BAR_GRAPH</DisplayFormat>
    <Data>
      <Entry>
        <Identifier>79 Network 202011 001</Identifier>
        <Value>3875.00</Value>
        <RawString>3716.9:4030.1:3981.3:3838.1:3808.6</RawString>
        <JSON>{"compiler-options":{"compiler-type":"CC","compiler":"gcc","compiler-options":"-O3 -march=native -fopenmp"}}</JSON>
      </Entry>
    </Data>
  </Result>
  <Result>
    <Identifier>pts/stream-1.3.1</Identifier>
    <Title>Stream</Title>
    <AppVersion>2013-01-17</AppVersion>
    <Arguments>Triad</Arguments>
    <Description>Type: Triad</Description>
    <Scale>MB/s</Scale>
    <Proportion>HIB</Proportion>
    <DisplayFormat>BAR_GRAPH</DisplayFormat>
    <Data>
      <Entry>
        <Identifier>79 Network 202011 001</Identifier>
        <Value>3396.66</Value>
        <RawString>3377.6:3273.1:3352.5:3506.6:3473.5</RawString>
        <JSON>{"compiler-options":{"compiler-type":"CC","compiler":"gcc","compiler-options":"-O3 -march=native -fopenmp"}}</JSON>
      </Entry>
    </Data>
  </Result>
  <Result>
    <Identifier>pts/stream-1.3.1</Identifier>
    <Title>Stream</Title>
    <AppVersion>2013-01-17</AppVersion>
    <Arguments>Add</Arguments>
    <Description>Type: Add</Description>
    <Scale>MB/s</Scale>
    <Proportion>HIB</Proportion>
    <DisplayFormat>BAR_GRAPH</DisplayFormat>
    <Data>
      <Entry>
        <Identifier>79 Network 202011 001</Identifier>
        <Value>3452.08</Value>
        <RawString>3186.1:3733.1:3566.4:3339.4:3435.4</RawString>
        <JSON>{"compiler-options":{"compiler-type":"CC","compiler":"gcc","compiler-options":"-O3 -march=native -fopenmp"}}</JSON>
      </Entry>
    </Data>
  </Result>
  <Result>
    <Identifier>pts/tinymembench-1.0.2</Identifier>
    <Title>Tinymembench</Title>
    <AppVersion>2018-05-28</AppVersion>
    <Arguments></Arguments>
    <Description>Phoronix Test Suite v5.2.1</Description>
    <Scale>MB/s</Scale>
    <Proportion>HIB</Proportion>
    <DisplayFormat>BAR_GRAPH</DisplayFormat>
    <Data>
      <Entry>
        <Identifier>79 Network 202011 001</Identifier>
        <Value>1682.93</Value>
        <RawString>1674.9:1683.6:1690.3</RawString>
        <JSON>{"compiler-options":{"compiler-type":"CC","compiler":"gcc","compiler-options":"-O2 -lm"}}</JSON>
      </Entry>
    </Data>
  </Result>
  <Result>
    <Identifier>pts/mbw-1.0.0</Identifier>
    <Title>MBW</Title>
    <AppVersion>2018-09-08</AppVersion>
    <Arguments>-t0 1024</Arguments>
    <Description>Test: Memory Copy - Array Size: 1024 MiB</Description>
    <Scale>MiB/s</Scale>
    <Proportion>HIB</Proportion>
    <DisplayFormat>BAR_GRAPH</DisplayFormat>
    <Data>
      <Entry>
        <Identifier>79 Network 202011 001</Identifier>
        <Value>1604.92</Value>
        <RawString>1609.415:1596.296:1609.048</RawString>
        <JSON>{"compiler-options":{"compiler-type":"CC","compiler":"gcc","compiler-options":"-O3 -march=native"}}</JSON>
      </Entry>
    </Data>
  </Result>
  <Result>
    <Identifier>pts/mbw-1.0.0</Identifier>
    <Title>MBW</Title>
    <AppVersion>2018-09-08</AppVersion>
    <Arguments>-t2 1024</Arguments>
    <Description>Test: Memory Copy, Fixed Block Size - Array Size: 1024 MiB</Description>
    <Scale>MiB/s</Scale>
    <Proportion>HIB</Proportion>
    <DisplayFormat>BAR_GRAPH</DisplayFormat>
    <Data>
      <Entry>
        <Identifier>79 Network 202011 001</Identifier>
        <Value>1733.92</Value>
        <RawString>1605.369:1580.185:1689.09:2121.032:1750.598:1657.272</RawString>
        <JSON>{"compiler-options":{"compiler-type":"CC","compiler":"gcc","compiler-options":"-O3 -march=native"}}</JSON>
      </Entry>
    </Data>
  </Result>
  <Result>
    <Identifier>pts/t-test1-1.0.1</Identifier>
    <Title>t-test1</Title>
    <AppVersion>2017-01-13</AppVersion>
    <Arguments>1</Arguments>
    <Description>Threads: 1</Description>
    <Scale>Seconds</Scale>
    <Proportion>LIB</Proportion>
    <DisplayFormat>BAR_GRAPH</DisplayFormat>
    <Data>
      <Entry>
        <Identifier>79 Network 202011 001</Identifier>
        <Value>257.45</Value>
        <RawString>242.87448787689:259.4386279583:264.28967785835:263.63226795197:257.00910401344</RawString>
        <JSON>{"compiler-options":{"compiler-type":"CC","compiler":"gcc","compiler-options":"-pthread"}}</JSON>
      </Entry>
    </Data>
  </Result>
  <Result>
    <Identifier>pts/t-test1-1.0.1</Identifier>
    <Title>t-test1</Title>
    <AppVersion>2017-01-13</AppVersion>
    <Arguments>2</Arguments>
    <Description>Threads: 2</Description>
    <Scale>Seconds</Scale>
    <Proportion>LIB</Proportion>
    <DisplayFormat>BAR_GRAPH</DisplayFormat>
    <Data>
      <Entry>
        <Identifier>79 Network 202011 001</Identifier>
        <Value>168.63</Value>
        <RawString>145.59334993362:162.92361211777:171.62771987915:171.04582095146:183.26690912247:177.33712100983</RawString>
        <JSON>{"compiler-options":{"compiler-type":"CC","compiler":"gcc","compiler-options":"-pthread"}}</JSON>
      </Entry>
    </Data>
  </Result>
  <Result>
    <Identifier>pts/cachebench-1.1.2</Identifier>
    <Title>CacheBench</Title>
    <AppVersion></AppVersion>
    <Arguments>-r</Arguments>
    <Description>Read Cache</Description>
    <Scale>MB/s</Scale>
    <Proportion>HIB</Proportion>
    <DisplayFormat>BAR_GRAPH</DisplayFormat>
    <Data>
      <Entry>
        <Identifier>79 Network 202011 001</Identifier>
        <Value>3403.62</Value>
        <RawString>3535.902094:3226.887673:3186.504478:3806.257804:3801.458845:2864.69368</RawString>
        <JSON>{"compiler-options":{"compiler-type":"CC","compiler":"gcc","compiler-options":"-lrt"}}</JSON>
      </Entry>
    </Data>
  </Result>
  <Result>
    <Identifier>pts/cachebench-1.1.2</Identifier>
    <Title>CacheBench</Title>
    <AppVersion></AppVersion>
    <Arguments>-w</Arguments>
    <Description>Write Cache</Description>
    <Scale>MB/s</Scale>
    <Proportion>HIB</Proportion>
    <DisplayFormat>BAR_GRAPH</DisplayFormat>
    <Data>
      <Entry>
        <Identifier>79 Network 202011 001</Identifier>
        <Value>5193.90</Value>
        <RawString>5219.229279:5205.074039:5157.397309</RawString>
        <JSON>{"compiler-options":{"compiler-type":"CC","compiler":"gcc","compiler-options":"-lrt"}}</JSON>
      </Entry>
    </Data>
  </Result>
</PhoronixTestSuite>
